<?xml version="1.0" encoding="UTF-8"?>
<!-- Generated by org.testng.reporters.JUnitXMLReporter -->
<testsuite ignored="0" hostname="DESKTOP-KP1G8GF" failures="0" tests="4" name="Test1" time="88.376" errors="0" timestamp="2023-11-02T07:15:13 IST">
  <testcase classname="com.learining.testng.TestNG_parallelAtTest_Level1" name="launchFacebook" time="10.632"/>
  <testcase classname="com.learining.testng.TestNG_parallelAtTest_Level2" name="launchGoogle" time="13.495"/>
  <testcase classname="com.learining.testng.TestNG_parallelAtTest_Level1" name="launchYahoo" time="7.994"/>
  <testcase classname="com.learining.testng.TestNG_parallelAtTest_Level2" name="launchYahoo" time="38.383"/>
</testsuite> <!-- Test1 -->
