<?xml version="1.0" encoding="UTF-8"?>
<!-- Generated by org.testng.reporters.JUnitXMLReporter -->
<testsuite ignored="0" hostname="DESKTOP-KP1G8GF" failures="0" tests="6" name="Default test" time="120.253" errors="0" timestamp="2023-11-27T20:20:04 IST">
  <testcase classname="com.learningTestNG.ReadDataUsing_dataprovider_from_xlsx" name="searchTopic" time="12.959"/>
  <testcase classname="com.learningTestNG.ReadDataUsing_dataprovider_from_xlsx" name="searchTopic" time="10.102"/>
  <testcase classname="com.learningTestNG.ReadDataUsing_dataprovider_from_xlsx" name="searchTopic" time="9.837"/>
  <testcase classname="com.learningTestNG.ReadDataUsing_dataprovider_from_xlsx" name="google_it" time="9.653"/>
  <testcase classname="com.learningTestNG.ReadDataUsing_dataprovider_from_xlsx" name="google_it" time="9.77"/>
  <testcase classname="com.learningTestNG.ReadDataUsing_dataprovider_from_xlsx" name="google_it" time="10.179"/>
</testsuite> <!-- Default test -->
