<?xml version="1.0" encoding="UTF-8"?>
<!-- Generated by org.testng.reporters.JUnitXMLReporter -->
<testsuite ignored="1" hostname="DESKTOP-KP1G8GF" failures="0" tests="3" name="Test" time="15.493" errors="0" timestamp="2023-11-07T17:55:44 IST">
  <testcase classname="com.practiceMe.testNg.W3Schools_Homepage" name="Login" time="12.557"/>
  <testcase classname="com.practiceMe.testNg.W3Schools_Homepage" name="Homepage" time="0.103"/>
  <testcase classname="com.practiceMe.testNg.W3Schools_Homepage" name="profile_build" time="2.594"/>
  <testcase classname="com.practiceMe.testNg.W3Schools_Homepage" name="signup" time="0.0">
    <ignored/>
  </testcase> <!-- signup -->
</testsuite> <!-- Test -->
