<?xml version="1.0" encoding="UTF-8"?>
<!-- Generated by org.testng.reporters.JUnitXMLReporter -->
<testsuite ignored="0" hostname="DESKTOP-KP1G8GF" failures="2" tests="2" name="Test2" time="0.223" errors="0" timestamp="2023-11-04T19:25:33 IST">
  <testcase classname="com.practiceMe.testNg.greenkart_FlightTicket_Booking" name="flight_booking" time="0.043">
    <failure type="java.lang.NullPointerException" message="Cannot invoke &amp;quot;org.openqa.selenium.WebDriver.findElement(org.openqa.selenium.By)&amp;quot; because &amp;quot;com.practiceMe.testNg.greenkart_FlightTicket_Booking.driver&amp;quot; is null">
      <![CDATA[java.lang.NullPointerException: Cannot invoke "org.openqa.selenium.WebDriver.findElement(org.openqa.selenium.By)" because "com.practiceMe.testNg.greenkart_FlightTicket_Booking.driver" is null
at com.practiceMe.testNg.greenkart_FlightTicket_Booking.flight_booking(greenkart_FlightTicket_Booking.java:19)
at java.base/java.util.ArrayList.forEach(ArrayList.java:1511)
... Removed 25 stack frames]]>
    </failure>
  </testcase> <!-- flight_booking -->
  <testcase classname="com.practiceMe.testNg.greenkart_FlightTicket_Booking" name="from" time="0.008">
    <failure type="java.lang.NullPointerException" message="Cannot invoke &amp;quot;org.openqa.selenium.WebDriver.findElement(org.openqa.selenium.By)&amp;quot; because &amp;quot;com.practiceMe.testNg.greenkart_FlightTicket_Booking.driver&amp;quot; is null">
      <![CDATA[java.lang.NullPointerException: Cannot invoke "org.openqa.selenium.WebDriver.findElement(org.openqa.selenium.By)" because "com.practiceMe.testNg.greenkart_FlightTicket_Booking.driver" is null
at com.practiceMe.testNg.greenkart_FlightTicket_Booking.from(greenkart_FlightTicket_Booking.java:24)
at java.base/java.util.ArrayList.forEach(ArrayList.java:1511)
... Removed 25 stack frames]]>
    </failure>
  </testcase> <!-- from -->
</testsuite> <!-- Test2 -->
