<?xml version="1.0" encoding="UTF-8"?>
<!-- Generated by org.testng.reporters.JUnitXMLReporter -->
<testsuite ignored="0" hostname="DESKTOP-KP1G8GF" failures="0" tests="3" name="Test" time="76.642" errors="0" timestamp="2023-11-08T22:07:37 IST">
  <testcase classname="com.practiceMe.testNg.W3Schools_LearnJava" name="Login" time="13.892"/>
  <testcase classname="com.practiceMe.testNg.W3Schools_LearnJava" name="Homepage" time="0.082"/>
  <testcase classname="com.practiceMe.testNg.W3Schools_LearnJava" name="browse_Tutorials" time="62.205"/>
</testsuite> <!-- Test -->
