<?xml version="1.0" encoding="UTF-8"?>
<testng-results ignored="1" total="4" passed="3" failed="0" skipped="0">
  <reporter-output>
  </reporter-output>
  <suite started-at="2023-11-07T17:55:28 IST" name="Suite" finished-at="2023-11-07T17:55:44 IST" duration-ms="15493">
    <groups>
    </groups>
    <test started-at="2023-11-07T17:55:28 IST" name="Test" finished-at="2023-11-07T17:55:44 IST" duration-ms="15493">
      <class name="com.practiceMe.testNg.W3Schools_Homepage">
        <test-method is-config="true" signature="Launch_Browser(java.lang.String)[pri:0, instance:com.practiceMe.testNg.W3Schools_Homepage@533b266e]" started-at="2023-11-07T17:54:45 IST" name="Launch_Browser" finished-at="2023-11-07T17:55:28 IST" duration-ms="43561" status="PASS">
          <params>
            <param index="0">
              <value>
                <![CDATA[https://profile.w3schools.com/]]>
              </value>
            </param>
          </params>
          <reporter-output>
          </reporter-output>
        </test-method> <!-- Launch_Browser -->
        <test-method signature="Login(java.lang.String,java.lang.String)[pri:1, instance:com.practiceMe.testNg.W3Schools_Homepage@533b266e]" started-at="2023-11-07T17:55:29 IST" name="Login" finished-at="2023-11-07T17:55:41 IST" duration-ms="12557" status="PASS">
          <params>
            <param index="0">
              <value>
                <![CDATA[seshanthrakesh1901@gmail.com]]>
              </value>
            </param>
            <param index="1">
              <value>
                <![CDATA[Seshanth@9852]]>
              </value>
            </param>
          </params>
          <reporter-output>
          </reporter-output>
        </test-method> <!-- Login -->
        <test-method signature="Homepage()[pri:2, instance:com.practiceMe.testNg.W3Schools_Homepage@533b266e]" started-at="2023-11-07T17:55:41 IST" name="Homepage" finished-at="2023-11-07T17:55:41 IST" duration-ms="103" status="PASS">
          <reporter-output>
          </reporter-output>
        </test-method> <!-- Homepage -->
        <test-method signature="profile_build()[pri:3, instance:com.practiceMe.testNg.W3Schools_Homepage@533b266e]" started-at="2023-11-07T17:55:41 IST" name="profile_build" finished-at="2023-11-07T17:55:44 IST" duration-ms="2594" status="PASS">
          <reporter-output>
          </reporter-output>
        </test-method> <!-- profile_build -->
        <test-method is-config="true" signature="close_browser()[pri:0, instance:com.practiceMe.testNg.W3Schools_Homepage@533b266e]" started-at="2023-11-07T17:55:44 IST" name="close_browser" finished-at="2023-11-07T17:55:44 IST" duration-ms="2" status="PASS">
          <reporter-output>
          </reporter-output>
        </test-method> <!-- close_browser -->
      </class> <!-- com.practiceMe.testNg.W3Schools_Homepage -->
    </test> <!-- Test -->
  </suite> <!-- Suite -->
</testng-results>
